c:\users\강성재\source\repos\자료구조\자료구조\x64\debug\vc143.pdb
c:\users\강성재\source\repos\자료구조\자료구조\x64\debug\vc143.idb
c:\users\강성재\source\repos\자료구조\자료구조\x64\debug\피보나치수열.obj
c:\users\강성재\source\repos\자료구조\자료구조\x64\debug\3주차 실습1.obj
c:\users\강성재\source\repos\자료구조\자료구조\x64\debug\test.obj
c:\users\강성재\source\repos\자료구조\자료구조\x64\debug\2주차 실습2.obj
c:\users\강성재\source\repos\자료구조\자료구조\x64\debug\2주차 실습1-2.obj
c:\users\강성재\source\repos\자료구조\자료구조\x64\debug\2주차 실습1-1.obj
c:\users\강성재\source\repos\자료구조\자료구조\x64\debug\실습1-2.obj
c:\users\강성재\source\repos\자료구조\자료구조\x64\debug\과제2.obj
c:\users\강성재\source\repos\자료구조\자료구조\x64\debug\text4.obj
c:\users\강성재\source\repos\자료구조\자료구조\x64\debug\과제4.obj
c:\users\강성재\source\repos\자료구조\자료구조\x64\debug\실습1-3.obj
c:\users\강성재\source\repos\자료구조\자료구조\x64\debug\실습 1-1.obj
c:\users\강성재\source\repos\자료구조\자료구조\x64\debug\ex4_1.obj
c:\users\강성재\source\repos\자료구조\자료구조\x64\debug\insertlinkedlist.obj
c:\users\강성재\source\repos\자료구조\자료구조\x64\debug\자료구조.ilk
c:\users\강성재\source\repos\자료구조\자료구조\x64\debug\3차원 배열.obj
c:\users\강성재\source\repos\자료구조\자료구조\x64\debug\project4.obj
c:\users\강성재\source\repos\자료구조\자료구조\x64\debug\rest3333.obj
c:\users\강성재\source\repos\자료구조\자료구조\x64\debug\test2cpp.obj
c:\users\강성재\source\repos\자료구조\자료구조\x64\debug\test3.obj
c:\users\강성재\source\repos\자료구조\자료구조\x64\debug\test3333.obj
c:\users\강성재\source\repos\자료구조\자료구조\x64\debug\과제1.obj
c:\users\강성재\source\repos\자료구조\자료구조\x64\debug\과제2-1.obj
c:\users\강성재\source\repos\자료구조\자료구조\x64\debug\과제2-2.obj
c:\users\강성재\source\repos\자료구조\자료구조\x64\debug\과제3.obj
c:\users\강성재\source\repos\자료구조\자료구조\x64\debug\순차자료구조 실습 2.obj
c:\users\강성재\source\repos\자료구조\자료구조\x64\debug\순차자료구조 실습 3.obj
c:\users\강성재\source\repos\자료구조\자료구조\x64\debug\순차자료구조.obj
c:\users\강성재\source\repos\자료구조\자료구조\x64\debug\실습 3.obj
c:\users\강성재\source\repos\자료구조\자료구조\x64\debug\실습4.obj
c:\users\강성재\source\repos\자료구조\자료구조\x64\debug\실습5.obj
c:\users\강성재\source\repos\자료구조\자료구조\x64\debug\실습6.obj
c:\users\강성재\source\repos\자료구조\자료구조\x64\debug\포인터 실습.obj
c:\users\강성재\source\repos\자료구조\x64\debug\자료구조.pdb
c:\users\강성재\source\repos\자료구조\자료구조\x64\debug\자료구조.tlog\cl.command.1.tlog
c:\users\강성재\source\repos\자료구조\자료구조\x64\debug\자료구조.tlog\cl.items.tlog
c:\users\강성재\source\repos\자료구조\자료구조\x64\debug\자료구조.tlog\cl.read.1.tlog
c:\users\강성재\source\repos\자료구조\자료구조\x64\debug\자료구조.tlog\cl.write.1.tlog
c:\users\강성재\source\repos\자료구조\자료구조\x64\debug\자료구조.tlog\link-cvtres.read.1.tlog
c:\users\강성재\source\repos\자료구조\자료구조\x64\debug\자료구조.tlog\link-cvtres.write.1.tlog
c:\users\강성재\source\repos\자료구조\자료구조\x64\debug\자료구조.tlog\link-rc.read.1.tlog
c:\users\강성재\source\repos\자료구조\자료구조\x64\debug\자료구조.tlog\link-rc.write.1.tlog
c:\users\강성재\source\repos\자료구조\자료구조\x64\debug\자료구조.tlog\link.26976-cvtres.read.1.tlog
c:\users\강성재\source\repos\자료구조\자료구조\x64\debug\자료구조.tlog\link.26976-cvtres.write.1.tlog
c:\users\강성재\source\repos\자료구조\자료구조\x64\debug\자료구조.tlog\link.26976-rc.read.1.tlog
c:\users\강성재\source\repos\자료구조\자료구조\x64\debug\자료구조.tlog\link.26976-rc.write.1.tlog
c:\users\강성재\source\repos\자료구조\자료구조\x64\debug\자료구조.tlog\link.26976.read.1.tlog
c:\users\강성재\source\repos\자료구조\자료구조\x64\debug\자료구조.tlog\link.26976.read.2.tlog
c:\users\강성재\source\repos\자료구조\자료구조\x64\debug\자료구조.tlog\link.26976.read.3.tlog
c:\users\강성재\source\repos\자료구조\자료구조\x64\debug\자료구조.tlog\link.26976.read.4.tlog
c:\users\강성재\source\repos\자료구조\자료구조\x64\debug\자료구조.tlog\link.26976.write.1.tlog
c:\users\강성재\source\repos\자료구조\자료구조\x64\debug\자료구조.tlog\link.command.1.tlog
c:\users\강성재\source\repos\자료구조\자료구조\x64\debug\자료구조.tlog\link.read.1.tlog
c:\users\강성재\source\repos\자료구조\자료구조\x64\debug\자료구조.tlog\link.read.2.tlog
c:\users\강성재\source\repos\자료구조\자료구조\x64\debug\자료구조.tlog\link.read.3.tlog
c:\users\강성재\source\repos\자료구조\자료구조\x64\debug\자료구조.tlog\link.read.4.tlog
c:\users\강성재\source\repos\자료구조\자료구조\x64\debug\자료구조.tlog\link.read.5.tlog
c:\users\강성재\source\repos\자료구조\자료구조\x64\debug\자료구조.tlog\link.secondary.1.tlog
c:\users\강성재\source\repos\자료구조\자료구조\x64\debug\자료구조.tlog\link.write.1.tlog
